<?xml version="1.0" encoding="UTF-8"?>
<testng-results skipped="0" failed="0" ignored="0" total="1" passed="1">
  <reporter-output>
  </reporter-output>
  <suite name="Suite" duration-ms="99" started-at="2018-11-22T18:37:43Z" finished-at="2018-11-22T18:37:43Z">
    <groups>
    </groups>
    <test name="Test" duration-ms="99" started-at="2018-11-22T18:37:43Z" finished-at="2018-11-22T18:37:43Z">
      <class name="clubFactory_automate.WriteExcelFile">
        <test-method status="PASS" signature="test()[pri:0, instance:clubFactory_automate.WriteExcelFile@1ae369b7]" name="test" duration-ms="21" started-at="2018-11-22T18:37:43Z" finished-at="2018-11-22T18:37:43Z">
          <reporter-output>
          </reporter-output>
        </test-method> <!-- test -->
      </class> <!-- clubFactory_automate.WriteExcelFile -->
    </test> <!-- Test -->
  </suite> <!-- Suite -->
</testng-results>
